# JRE version: OpenJDK Runtime Environment (8.0_202) (build 1.8.0_202-release-1483-b49-5587405)
# Java VM: OpenJDK 64-Bit Server VM (25.202-b49-5587405 mixed mode linux-amd64 compressed oops)
Heap:
 PSYoungGen      total 284160K, used 268494K [0x00000000e0000000, 0x00000000f7c80000, 0x0000000100000000)
  eden space 261120K, 94% used [0x00000000e0000000,0x00000000eefb8ca0,0x00000000eff00000)
  from space 23040K, 99% used [0x00000000eff00000,0x00000000f157ae30,0x00000000f1580000)
  to   space 27136K, 0% used [0x00000000f6200000,0x00000000f6200000,0x00000000f7c80000)
 ParOldGen       total 104960K, used 37345K [0x00000000a0000000, 0x00000000a6680000, 0x00000000e0000000)
  object space 104960K, 35% used [0x00000000a0000000,0x00000000a24787e8,0x00000000a6680000)
 Metaspace       used 78633K, capacity 81809K, committed 81944K, reserved 1120256K
  class space    used 10333K, capacity 10946K, committed 11048K, reserved 1048576K
GC Heap History (10 events):
Event: 5.141 GC heap before
{Heap before GC invocations=10 (full 2):
 PSYoungGen      total 206336K, used 11671K [0x00000000e0000000, 0x00000000ed880000, 0x0000000100000000)
  eden space 193024K, 0% used [0x00000000e0000000,0x00000000e0000000,0x00000000ebc80000)
  from space 13312K, 87% used [0x00000000eca80000,0x00000000ed5e5de0,0x00000000ed780000)
  to   space 14336K, 0% used [0x00000000ebc80000,0x00000000ebc80000,0x00000000eca80000)
 ParOldGen       total 49664K, used 8129K [0x00000000a0000000, 0x00000000a3080000, 0x00000000e0000000)
  object space 49664K, 16% used [0x00000000a0000000,0x00000000a07f05f8,0x00000000a3080000)
 Metaspace       used 34644K, capacity 35352K, committed 35496K, reserved 1079296K
  class space    used 4809K, capacity 4998K, committed 5032K, reserved 1048576K
Event: 5.201 GC heap after
Heap after GC invocations=10 (full 2):
 PSYoungGen      total 206336K, used 0K [0x00000000e0000000, 0x00000000ed880000, 0x0000000100000000)
  eden space 193024K, 0% used [0x00000000e0000000,0x00000000e0000000,0x00000000ebc80000)
  from space 13312K, 0% used [0x00000000eca80000,0x00000000eca80000,0x00000000ed780000)
  to   space 14336K, 0% used [0x00000000ebc80000,0x00000000ebc80000,0x00000000eca80000)
 ParOldGen       total 72192K, used 18657K [0x00000000a0000000, 0x00000000a4680000, 0x00000000e0000000)
  object space 72192K, 25% used [0x00000000a0000000,0x00000000a12387f0,0x00000000a4680000)
 Metaspace       used 34644K, capacity 35352K, committed 35496K, reserved 1079296K
  class space    used 4809K, capacity 4998K, committed 5032K, reserved 1048576K
}
Event: 7.398 GC heap before
{Heap before GC invocations=11 (full 2):
 PSYoungGen      total 206336K, used 193024K [0x00000000e0000000, 0x00000000ed880000, 0x0000000100000000)
  eden space 193024K, 100% used [0x00000000e0000000,0x00000000ebc80000,0x00000000ebc80000)
  from space 13312K, 0% used [0x00000000eca80000,0x00000000eca80000,0x00000000ed780000)
  to   space 14336K, 0% used [0x00000000ebc80000,0x00000000ebc80000,0x00000000eca80000)
 ParOldGen       total 72192K, used 18657K [0x00000000a0000000, 0x00000000a4680000, 0x00000000e0000000)
  object space 72192K, 25% used [0x00000000a0000000,0x00000000a12387f0,0x00000000a4680000)
 Metaspace       used 50625K, capacity 52124K, committed 52392K, reserved 1093632K
  class space    used 6858K, capacity 7237K, committed 7336K, reserved 1048576K
Event: 7.422 GC heap after
Heap after GC invocations=11 (full 2):
 PSYoungGen      total 207360K, used 14315K [0x00000000e0000000, 0x00000000f2a00000, 0x0000000100000000)
  eden space 193024K, 0% used [0x00000000e0000000,0x00000000e0000000,0x00000000ebc80000)
  from space 14336K, 99% used [0x00000000ebc80000,0x00000000eca7ac70,0x00000000eca80000)
  to   space 19968K, 0% used [0x00000000f1680000,0x00000000f1680000,0x00000000f2a00000)
 ParOldGen       total 72192K, used 27374K [0x00000000a0000000, 0x00000000a4680000, 0x00000000e0000000)
  object space 72192K, 37% used [0x00000000a0000000,0x00000000a1abbb18,0x00000000a4680000)
 Metaspace       used 50625K, capacity 52124K, committed 52392K, reserved 1093632K
  class space    used 6858K, capacity 7237K, committed 7336K, reserved 1048576K
}
Event: 9.447 GC heap before
{Heap before GC invocations=12 (full 2):
 PSYoungGen      total 207360K, used 111443K [0x00000000e0000000, 0x00000000f2a00000, 0x0000000100000000)
  eden space 193024K, 50% used [0x00000000e0000000,0x00000000e5eda118,0x00000000ebc80000)
  from space 14336K, 99% used [0x00000000ebc80000,0x00000000eca7ac70,0x00000000eca80000)
  to   space 19968K, 0% used [0x00000000f1680000,0x00000000f1680000,0x00000000f2a00000)
 ParOldGen       total 72192K, used 27374K [0x00000000a0000000, 0x00000000a4680000, 0x00000000e0000000)
  object space 72192K, 37% used [0x00000000a0000000,0x00000000a1abbb18,0x00000000a4680000)
 Metaspace       used 57328K, capacity 59144K, committed 59160K, reserved 1099776K
  class space    used 7794K, capacity 8216K, committed 8232K, reserved 1048576K
Event: 9.480 GC heap after
Heap after GC invocations=12 (full 2):
 PSYoungGen      total 281088K, used 19952K [0x00000000e0000000, 0x00000000f2c00000, 0x0000000100000000)
  eden space 261120K, 0% used [0x00000000e0000000,0x00000000e0000000,0x00000000eff00000)
  from space 19968K, 99% used [0x00000000f1680000,0x00000000f29fc338,0x00000000f2a00000)
  to   space 23040K, 0% used [0x00000000eff00000,0x00000000eff00000,0x00000000f1580000)
 ParOldGen       total 72192K, used 28004K [0x00000000a0000000, 0x00000000a4680000, 0x00000000e0000000)
  object space 72192K, 38% used [0x00000000a0000000,0x00000000a1b59008,0x00000000a4680000)
 Metaspace       used 57328K, capacity 59144K, committed 59160K, reserved 1099776K
  class space    used 7794K, capacity 8216K, committed 8232K, reserved 1048576K
}
Event: 9.480 GC heap before
{Heap before GC invocations=13 (full 3):
 PSYoungGen      total 281088K, used 19952K [0x00000000e0000000, 0x00000000f2c00000, 0x0000000100000000)
  eden space 261120K, 0% used [0x00000000e0000000,0x00000000e0000000,0x00000000eff00000)
  from space 19968K, 99% used [0x00000000f1680000,0x00000000f29fc338,0x00000000f2a00000)
  to   space 23040K, 0% used [0x00000000eff00000,0x00000000eff00000,0x00000000f1580000)
 ParOldGen       total 72192K, used 28004K [0x00000000a0000000, 0x00000000a4680000, 0x00000000e0000000)
  object space 72192K, 38% used [0x00000000a0000000,0x00000000a1b59008,0x00000000a4680000)
 Metaspace       used 57328K, capacity 59144K, committed 59160K, reserved 1099776K
  class space    used 7794K, capacity 8216K, committed 8232K, reserved 1048576K
Event: 9.637 GC heap after
Heap after GC invocations=13 (full 3):
 PSYoungGen      total 281088K, used 0K [0x00000000e0000000, 0x00000000f2c00000, 0x0000000100000000)
  eden space 261120K, 0% used [0x00000000e0000000,0x00000000e0000000,0x00000000eff00000)
  from space 19968K, 0% used [0x00000000f1680000,0x00000000f1680000,0x00000000f2a00000)
  to   space 23040K, 0% used [0x00000000eff00000,0x00000000eff00000,0x00000000f1580000)
 ParOldGen       total 104960K, used 35126K [0x00000000a0000000, 0x00000000a6680000, 0x00000000e0000000)
  object space 104960K, 33% used [0x00000000a0000000,0x00000000a224da68,0x00000000a6680000)
 Metaspace       used 57326K, capacity 59138K, committed 59160K, reserved 1099776K
  class space    used 7793K, capacity 8215K, committed 8232K, reserved 1048576K
}
Event: 16.987 GC heap before
{Heap before GC invocations=14 (full 3):
 PSYoungGen      total 281088K, used 261120K [0x00000000e0000000, 0x00000000f2c00000, 0x0000000100000000)
  eden space 261120K, 100% used [0x00000000e0000000,0x00000000eff00000,0x00000000eff00000)
  from space 19968K, 0% used [0x00000000f1680000,0x00000000f1680000,0x00000000f2a00000)
  to   space 23040K, 0% used [0x00000000eff00000,0x00000000eff00000,0x00000000f1580000)
 ParOldGen       total 104960K, used 35126K [0x00000000a0000000, 0x00000000a6680000, 0x00000000e0000000)
  object space 104960K, 33% used [0x00000000a0000000,0x00000000a224da68,0x00000000a6680000)
 Metaspace       used 64849K, capacity 67084K, committed 67224K, reserved 1107968K
  class space    used 8839K, capacity 9368K, committed 9384K, reserved 1048576K
Event: 17.017 GC heap after
Heap after GC invocations=14 (full 3):
 PSYoungGen      total 284160K, used 23019K [0x00000000e0000000, 0x00000000f7c80000, 0x0000000100000000)
  eden space 261120K, 0% used [0x00000000e0000000,0x00000000e0000000,0x00000000eff00000)
  from space 23040K, 99% used [0x00000000eff00000,0x00000000f157ae30,0x00000000f1580000)
  to   space 27136K, 0% used [0x00000000f6200000,0x00000000f6200000,0x00000000f7c80000)
 ParOldGen       total 104960K, used 37345K [0x00000000a0000000, 0x00000000a6680000, 0x00000000e0000000)
  object space 104960K, 35% used [0x00000000a0000000,0x00000000a24787e8,0x00000000a6680000)
 Metaspace       used 64849K, capacity 67084K, committed 67224K, reserved 1107968K
  class space    used 8839K, capacity 9368K, committed 9384K, reserved 1048576K
}

